 2009 .. 

Warning no theme found in <LI>D.&nbsp;Nion, K.&nbsp;Mokios, N.&nbsp;Sidiropoulos, A.&nbsp;Potamianos,  "<a href="preprints/journal/2009_nion_mokios_sidiropoulos_potamianos_draft.pdf">Batch and Adaptive PARAFAC-Based Blind Separation of Convolutive Speech Mixtures </a>,"  <EM>IEEE Transactions on Audio, Speech   and Language Processing</EM>,  vol. 18, no. 6, pp. 1193 - 1207, Aug. 2010. <P></LI>
 2007 .. 
(0,2007) ..
 2001 .. 
(2,2001) ..(2,2001) ..
 2009 .. 
(1,2009) ..
 2006 .. 
(2,2006) ..(2,2006) ..
 2016 .. 
(2,2016) ..(2,2016) ..
 2016 .. 
(5,2016) ..(5,2016) ..(5,2016) ..(5,2016) ..
 2011 .. 
(5,2011) ..(5,2011) ..
 2007 .. 
(0,2007) ..(0,2007) ..
 1997 .. 
(1,1997) ..
 1997 .. 
(1,1997) ..(4,1997) ..
 2014 .. 
(0,2014) ..(0,2014) ..(2,2014) ..(2,2014) ..
 2008 .. 
(0,2008) ..
 1998 .. 
(0,1998) ..(2,1998) ..
 2010 .. 
(4,2010) ..
 2007 .. 
(2,2007) ..
 2010 .. 
(1,2010) ..(1,2010) ..
 2013 .. 
(5,2013) ..
 2014 .. 
(4,2014) ..
 2013 .. 
(5,2013) ..(0,2013) ..(5,2013) ..
 1999 .. 
(0,1999) ..
 2006 .. 
(1,2006) ..(1,2006) ..
 2014 .. 
(0,2014) ..(2,2014) ..(2,2014) ..
 2012 .. 
(2,2012) ..(5,2012) ..(2,2012) ..(5,2012) ..
 2005 .. 

Warning no theme found in <LI> P.&nbsp;Karageorgakis, A.&nbsp;Potamianos, and I.&nbsp;Klasinas, "<a href="preprints/conf/05_ASRU_translation.pdf">Towards incorporating language morphology into statistical machine translation systems </a>,'' in <EM>  Proc. Automatic Speech Recogn. and Underst. Workshop</EM>, Cancun, Mexico, Dec.   2005. <P></LI>
 2016 .. 
(0,2016) ..
 2008 .. 
(6,2008) ..(6,2008) ..(6,2008) ..
 2011 .. 
(6,2011) ..(5,2011) ..
 2013 .. 
(4,2013) ..(2,2013) ..(2,2013) ..
 2010 .. 
(3,2010) ..(3,2010) ..
 2005 .. 
(2,2005) ..(0,2005) ..(2,2005) ..
 2014 .. 
(0,2014) ..(0,2014) ..(0,2014) ..(2,2014) ..(2,2014) ..
 2007 .. 
(1,2007) ..(1,2007) ..
 2015 .. 
(0,2015) ..(0,2015) ..(5,2015) ..(0,2015) ..(5,2015) ..
 2014 .. 
(5,2014) ..(5,2014) ..(5,2014) ..
 1994 .. 
(3,1994) ..
 2002 .. 
(2,2002) ..(2,2002) ..
 2008 .. 
(6,2008) ..
 1997 .. 
(1,1997) ..
 2013 .. 
(4,2013) ..(2,2013) ..(5,2013) ..(4,2013) ..(2,2013) ..(5,2013) ..
 2007 .. 
(1,2007) ..(1,2007) ..
 2009 .. 
(0,2009) ..(0,2009) ..
 2009 .. 
(1,2009) ..(1,2009) ..
 2012 .. 
(2,2012) ..(2,2012) ..
 2016 .. 
(0,2016) ..
 1997 .. 
(3,1997) ..(3,1997) ..
 1994 .. 
(3,1994) ..(3,1994) ..(3,1994) ..
 2000 .. 
(1,2000) ..
 1994 .. 
(3,1994) ..(3,1994) ..
 2016 .. 
(0,2016) ..
 2008 .. 
(2,2008) ..
 2007 .. 
(6,2007) ..(4,2007) ..
 2002 .. 
(1,2002) ..(1,2002) ..
 2005 .. 
(0,2005) ..(0,2005) ..
 1999 .. 
(1,1999) ..(1,1999) ..
 2016 .. 
(0,2016) ..(0,2016) ..
 1995 .. 
(3,1995) ..(3,1995) ..
 2008 .. 

Warning no theme found in <LI>K.&nbsp;Mokios, A.&nbsp;Potamianos, and N.&nbsp Sidiropoulos, "<a href="preprints/conf/08_ICASSP_bss.pdf">On the Effectiveness of PARAFAC-Based Estimation in Blind Speech Separation </a> ",  in Proc. <EM> Intl. Conf. on Acoustics, Speech and Signal Processing </EM>  (ICASSP), Las Vegas, Nevada, Apr. 2008. <P> </LI>  
 2013 .. 
(5,2013) ..(5,2013) ..(5,2013) ..
 2011 .. 
(1,2011) ..(1,2011) ..
 2014 .. 
(0,2014) ..(2,2014) ..(2,2014) ..(0,2014) ..
 2000 .. 

Warning no theme found in <LI>A.&nbsp;Pargellis and A.&nbsp;Potamianos, "<a href="preprints/conf/01_ASRU_andy_underst_II.pdf">Cross-domain classification using generalized   domain acts </a>,'' in <EM>Internat. Conf. Speech Language Processing</EM>, Beijing,   China, Oct. 2000.  <P></LI>
 2013 .. 
(0,2013) ..(0,2013) ..(0,2013) ..
 2009 .. 
(1,2009) ..(3,2009) ..
 2003 .. 
(1,2003) ..(1,2003) ..(4,2003) ..
 2007 .. 
(6,2007) ..(2,2007) ..(2,2007) ..
 1993 .. 
(3,1993) ..
 2009 .. 
(4,2009) ..(2,2009) ..(4,2009) ..(4,2009) ..
 2013 .. 
(6,2013) ..(6,2013) ..(6,2013) ..
 2015 .. 
(6,2015) ..(6,2015) ..(6,2015) ..
 2005 .. 
(5,2005) ..(4,2005) ..
 2002 .. 
(2,2002) ..(2,2002) ..
 2001 .. 
(2,2001) ..
 2008 .. 
(2,2008) ..
 2006 .. 
(0,2006) ..
 2001 .. 
(0,2001) ..
 2012 .. 
(6,2012) ..(6,2012) ..
 2011 .. 
(5,2011) ..(4,2011) ..
 2007 .. 
(6,2007) ..(6,2007) ..
 2008 .. 
(6,2008) ..
 2008 .. 
(6,2008) ..
 2013 .. 
(0,2013) ..(0,2013) ..(0,2013) ..
 2002 .. 
(4,2002) ..
 1999 .. 
(4,1999) ..(4,1999) ..
 2009 .. 
(6,2009) ..(6,2009) ..
 2013 .. 
(0,2013) ..(0,2013) ..(0,2013) ..
 1998 .. 
(1,1998) ..
 2000 .. 
(1,2000) ..
 2004 .. 
(1,2004) ..
 1999 .. 
(4,1999) ..
 2008 .. 
(1,2008) ..
 2015 .. 
(6,2015) ..(6,2015) ..(6,2015) ..
 1997 .. 
(1,1997) ..(1,1997) ..(1,1997) ..(1,1997) ..(1,1997) ..
 1999 .. 
(1,1999) ..(1,1999) ..(0,1999) ..
 2007 .. 

Warning no theme found in <LI>A.&nbsp;Katsamanis, P.&nbsp;Tsiakoulis, P.&nbsp;Maragos, and A.&nbsp;Potamianos, "<a href="preprints/conf/07_PHON_artic_synthesis.pdf">Investigations in articulatory synthesis </a> ,'' in <EM>Proc. Intenat. Conf. on Phonetics</EM>,   Saarbrucken, Germany, Aug. 2007.  <P></LI>
 2009 .. 
(3,2009) ..(3,2009) ..
 2003 .. 
(2,2003) ..
 2007 .. 
(1,2007) ..
 2014 .. 
(5,2014) ..(5,2014) ..(5,2014) ..
 2013 .. 
(3,2013) ..
 2013 .. 
(5,2013) ..(5,2013) ..
 2001 .. 
(1,2001) ..
 2015 .. 
(0,2015) ..(5,2015) ..(5,2015) ..
 1991 .. 

Warning no theme found in <LI>J.&nbsp;Diamesis and A.&nbsp;Potamianos, "Tridiagonal state-space realization of a class   of 2-D transfer functions,'' in <EM>Proc. of the 25th Conf. on Information   Sciences and Systems</EM>, Baltimore, MD, pp.&nbsp;249-253, Mar. 1991.  <P></LI>
 2002 .. 
(1,2002) ..
 2006 .. 

Warning no theme found in <LI>K.&nbsp;Mokios, N.&nbsp;Sidiropoulos, and A.&nbsp;Potamianos, "<a href="preprints/conf/06_ICASSP_BSS.pdf">Blind speech separation algorithm using PARAFAC and integer least squares </a>,'' in <EM>Proc.   Internat. Conf. on Acoust., Speech, and Signal Process.</EM>, Toulouse, France,   May 2006.  <P> </LI>
 2008 .. 
(3,2008) ..(3,2008) ..
 1998 .. 
(2,1998) ..(4,1998) ..(2,1998) ..
 2015 .. 
(0,2015) ..
 1995 .. 
(1,1995) ..
 2014 .. 

Warning no theme found in <LI>M.&nbsp;V. Segbroeck, R.&nbsp;Travadi, C.&nbsp;Vaz, J.&nbsp;Kim, M.&nbsp;Black, A.&nbsp;Potamianos, and   S.&nbsp;Narayanan, "<a href="preprints/conf/2014_INTERSPEECH_Challenge_FinalSubmission.pdf">Classification of cognitive load from speech using an   i-vector framework</a>," in <EM> Proc. Interspeech</EM>, (Singapore), Sept. 2014. <P> </LI>
 1999 .. 
(2,1999) ..(2,1999) ..
 2014 .. 

Warning no theme found in <LI>A.&nbsp;Potamianos, "<a href="preprints/conf/2014_ICMI_SSP_WORKSHOP_cognitive_multimodal_processing.pdf">Cognitive multimodal processing: from signal to behavior</a>," in   <EM> Proc. Workshop on Roadmapping the Future of Multimodal Interaction   Research</EM>, Istanbul, Turkey, Nov. 2014. <P> </LI>
 2014 .. 
(1,2014) ..(4,2014) ..(4,2014) ..
 2008 .. 
(4,2008) ..(4,2008) ..
 2002 .. 
(1,2002) ..(3,2002) ..
 2013 .. 
(1,2013) ..
 2002 .. 
(1,2002) ..(3,2002) ..
 2009 .. 
(1,2009) ..(4,2009) ..
 2013 .. 
(0,2013) ..(5,2013) ..(0,2013) ..(0,2013) ..(0,2013) ..(5,2013) ..
 1995 .. 
(1,1995) ..
 2016 .. 
(5,2016) ..
 2015 .. 
(6,2015) ..
 2013 .. 
(0,2013) ..
 2012 .. 
(0,2012) ..(0,2012) ..(0,2012) ..
 2014 .. 
(0,2014) ..(0,2014) ..
 2000 .. 
(0,2000) ..
 1997 .. 
(4,1997) ..
 2004 .. 
(0,2004) ..
 2016 .. 
(5,2016) ..(0,2016) ..(5,2016) ..(5,2016) ..(0,2016) ..(5,2016) ..
 1995 .. 
(3,1995) ..
 1996 .. 
(3,1996) ..(3,1996) ..
 2016 .. 
(5,2016) ..(5,2016) ..(5,2016) ..(0,2016) ..(5,2016) ..
 2014 .. 
(0,2014) ..
 1996 .. 
(3,1996) ..
 2016 .. 
(1,2016) ..(5,2016) ..(5,2016) ..(6,2016) ..(5,2016) ..
 2007 .. 
(6,2007) ..(0,2007) ..(2,2007) ..(2,2007) ..
 2005 .. 
(1,2005) ..(1,2005) ..(3,2005) ..
 1997 .. 
(1,1997) ..(1,1997) ..
 2000 .. 
(2,2000) ..(2,2000) ..(2,2000) ..(2,2000) ..
 2014 .. 
(4,2014) ..
 1999 .. 
(1,1999) ..
 2005 .. 
(1,2005) ..(1,2005) ..(3,2005) ..
 2014 .. 
(0,2014) ..(5,2014) ..(5,2014) ..(0,2014) ..(0,2014) ..
 2014 .. 
(0,2014) ..
 2015 .. 

Warning no theme found in <LI>A.&nbsp;Vinciarelli, A.&nbsp;Esposito, E.&nbsp;Andre, F.&nbsp;Bonin, M.&nbsp;Chetouani, J.&nbsp;Cohn,   M.&nbsp;Cristani, F.&nbsp;Fuhrmann, E.&nbsp;Gilmartin, Z.&nbsp;Hammal, D.&nbsp;Heylen, R.&nbsp;Kaiser,   M.&nbsp;Koutsombogera, A.&nbsp;Potamianos, S.&nbsp;Renals, G.&nbsp;Riccardi, and A.&nbsp;Salah, "<a href="preprints/journal/2015_behavioral_roadmap_journal.pdf">Open   challenges in modelling, analysis and synthesis of human behaviour in   human-human and human-machine interactions</a>," <EM> Cognitive Computation</EM>,   vol.&nbsp;7, pp.&nbsp;397--413, Apr. 2015. <P> </LI>
 2000 .. 
(2,2000) ..
 2006 .. 
(1,2006) ..(1,2006) ..
 1995 .. 
(3,1995) ..
 2001 .. 
(1,2001) ..
 2013 .. 
(0,2013) ..(5,2013) ..
 2016 .. 
(2,2016) ..(2,2016) ..
 2000 .. 
(2,2000) ..(2,2000) ..
 2009 .. 
(4,2009) ..(2,2009) ..(2,2009) ..(4,2009) ..
 1999 .. 
(1,1999) ..
 2009 .. 
(1,2009) ..
 2011 .. 
(6,2011) ..(5,2011) ..(0,2011) ..(5,2011) ..
 1999 .. 
(3,1999) ..(3,1999) ..
 1994 .. 
(3,1994) ..(3,1994) ..
 2008 .. 
(2,2008) ..(2,2008) ..
 2002 .. 
(2,2002) ..
 2001 .. 
(2,2001) ..(2,2001) ..

MAX year: 2016
MIN year: 1991
